<?xml version="1.0" encoding="UTF-8"?>
<testsuite xmlns:xsi="http://www.w3.org/2001/XMLSchema-instance" xsi:noNamespaceSchemaLocation="https://maven.apache.org/surefire/maven-surefire-plugin/xsd/surefire-test-report-3.0.xsd" version="3.0" name="com.algonquincollege.todo.controller.TodoControllerTest" time="28.835" tests="6" errors="0" skipped="6" failures="0">
  <properties>
[...]
</properties>
  <testcase name="shouldUpdateTodo" classname="com.algonquincollege.todo.controller.TodoControllerTest" time="0.0">
    <skipped message="void com.algonquincollege.todo.controller.TodoControllerTest.shouldUpdateTodo() throws java.lang.Exception is @Disabled"/>
    <system-out><![CDATA[07:39:08.937 [main] INFO org.springframework.test.context.support.AnnotationConfigContextLoaderUtils -- Could not detect default configuration classes for test class [com.algonquincollege.todo.controller.TodoControllerTest]: TodoControllerTest does not declare any static, non-private, non-final, nested classes annotated with @Configuration.
07:39:09.184 [main] INFO org.testcontainers.images.PullPolicy -- Image pull policy will be performed by: DefaultPullPolicy()
07:39:09.187 [main] INFO org.testcontainers.utility.ImageNameSubstitutor -- Image name substitution will be performed by: DefaultImageNameSubstitutor (composite of 'ConfigurationFileImageNameSubstitutor' and 'PrefixingImageNameSubstitutor')
07:39:09.633 [main] INFO org.testcontainers.dockerclient.DockerClientProviderStrategy -- Loaded org.testcontainers.dockerclient.NpipeSocketClientProviderStrategy from ~/.testcontainers.properties, will try it first
07:39:10.356 [main] INFO org.testcontainers.dockerclient.DockerClientProviderStrategy -- Found Docker environment with local Npipe socket (npipe:////./pipe/docker_engine)
07:39:10.358 [main] INFO org.testcontainers.DockerClientFactory -- Docker host IP address is localhost
07:39:10.409 [main] INFO org.testcontainers.DockerClientFactory -- Connected to docker: 
  Server Version: 27.0.3
  API Version: 1.46
  Operating System: Docker Desktop
  Total Memory: 7564 MB
07:39:10.446 [main] INFO tc.testcontainers/ryuk:0.7.0 -- Creating container for image: testcontainers/ryuk:0.7.0
07:39:11.251 [main] INFO tc.testcontainers/ryuk:0.7.0 -- Container testcontainers/ryuk:0.7.0 is starting: 4ddb1626009d3b3245fce8aa8d718abbb5e2e72f478d533c351d60fcbbfc6d8f
07:39:12.139 [main] INFO tc.testcontainers/ryuk:0.7.0 -- Container testcontainers/ryuk:0.7.0 started in PT1.6930822S
07:39:12.147 [main] INFO org.testcontainers.utility.RyukResourceReaper -- Ryuk started - will monitor and terminate Testcontainers containers on JVM exit
07:39:12.148 [main] INFO org.testcontainers.DockerClientFactory -- Checking the system...
07:39:12.149 [main] INFO org.testcontainers.DockerClientFactory -- ✔︎ Docker server version should be at least 1.6.0
07:39:12.316 [main] INFO org.springframework.boot.test.context.SpringBootTestContextBootstrapper -- Found @SpringBootConfiguration com.algonquincollege.todo.TodoApplication for test class com.algonquincollege.todo.controller.TodoControllerTest
07:39:12.534 [main] INFO tc.mysql:8.3 -- Creating container for image: mysql:8.3
07:39:12.688 [main] INFO tc.mysql:8.3 -- Container mysql:8.3 is starting: 183c05133a77555bad6074cf666bf66ed71a76db6fa3f841af84a0559ffa0715
07:39:13.144 [main] INFO tc.mysql:8.3 -- Waiting for database connection to become available at jdbc:mysql://localhost:58230/test using query 'SELECT 1'
07:39:28.177 [main] INFO tc.mysql:8.3 -- Container mysql:8.3 started in PT15.6428459S
07:39:28.177 [main] INFO tc.mysql:8.3 -- Container is started (JDBC URL: jdbc:mysql://localhost:58230/test)

  .   ____          _            __ _ _
 /\\ / ___'_ __ _ _(_)_ __  __ _ \ \ \ \
( ( )\___ | '_ | '_| | '_ \/ _` | \ \ \ \
 \\/  ___)| |_)| | | | | || (_| |  ) ) ) )
  '  |____| .__|_| |_|_| |_\__, | / / / /
 =========|_|==============|___/=/_/_/_/

 :: Spring Boot ::                (v3.3.3)

2024-11-14T07:39:28.743-05:00  INFO 12912 --- [Todo] [           main] c.a.todo.controller.TodoControllerTest   : Starting TodoControllerTest using Java 21.0.4 with PID 12912 (started by Eric in C:\Users\migna\Downloads\todo\todo)
2024-11-14T07:39:28.745-05:00  INFO 12912 --- [Todo] [           main] c.a.todo.controller.TodoControllerTest   : No active profile set, falling back to 1 default profile: "default"
2024-11-14T07:39:29.806-05:00  INFO 12912 --- [Todo] [           main] .s.d.r.c.RepositoryConfigurationDelegate : Bootstrapping Spring Data JPA repositories in DEFAULT mode.
2024-11-14T07:39:29.900-05:00  INFO 12912 --- [Todo] [           main] .s.d.r.c.RepositoryConfigurationDelegate : Finished Spring Data repository scanning in 80 ms. Found 2 JPA repository interfaces.
2024-11-14T07:39:31.026-05:00  INFO 12912 --- [Todo] [           main] o.s.b.w.embedded.tomcat.TomcatWebServer  : Tomcat initialized with port 0 (http)
2024-11-14T07:39:31.051-05:00  INFO 12912 --- [Todo] [           main] o.apache.catalina.core.StandardService   : Starting service [Tomcat]
2024-11-14T07:39:31.052-05:00  INFO 12912 --- [Todo] [           main] o.apache.catalina.core.StandardEngine    : Starting Servlet engine: [Apache Tomcat/10.1.28]
2024-11-14T07:39:31.142-05:00  INFO 12912 --- [Todo] [           main] o.a.c.c.C.[Tomcat].[localhost].[/]       : Initializing Spring embedded WebApplicationContext
2024-11-14T07:39:31.144-05:00  INFO 12912 --- [Todo] [           main] w.s.c.ServletWebServerApplicationContext : Root WebApplicationContext: initialization completed in 2377 ms
2024-11-14T07:39:31.456-05:00  INFO 12912 --- [Todo] [           main] o.hibernate.jpa.internal.util.LogHelper  : HHH000204: Processing PersistenceUnitInfo [name: default]
2024-11-14T07:39:31.591-05:00  INFO 12912 --- [Todo] [           main] org.hibernate.Version                    : HHH000412: Hibernate ORM core version 6.5.2.Final
2024-11-14T07:39:31.647-05:00  INFO 12912 --- [Todo] [           main] o.h.c.internal.RegionFactoryInitiator    : HHH000026: Second-level cache disabled
2024-11-14T07:39:32.233-05:00  INFO 12912 --- [Todo] [           main] o.s.o.j.p.SpringPersistenceUnitInfo      : No LoadTimeWeaver setup: ignoring JPA class transformer
2024-11-14T07:39:32.272-05:00  INFO 12912 --- [Todo] [           main] com.zaxxer.hikari.HikariDataSource       : HikariPool-1 - Starting...
2024-11-14T07:39:32.725-05:00  INFO 12912 --- [Todo] [           main] com.zaxxer.hikari.pool.HikariPool        : HikariPool-1 - Added connection com.mysql.cj.jdbc.ConnectionImpl@1ce8084a
2024-11-14T07:39:32.727-05:00  INFO 12912 --- [Todo] [           main] com.zaxxer.hikari.HikariDataSource       : HikariPool-1 - Start completed.
2024-11-14T07:39:34.202-05:00  INFO 12912 --- [Todo] [           main] o.h.e.t.j.p.i.JtaPlatformInitiator       : HHH000489: No JTA platform available (set 'hibernate.transaction.jta.platform' to enable JTA platform integration)
Hibernate: drop table if exists Todo
Hibernate: drop table if exists User
Hibernate: create table Todo (deadline date not null, id bigint not null auto_increment, category varchar(255) not null, task varchar(255) not null, primary key (id)) engine=InnoDB
Hibernate: create table User (id bigint not null auto_increment, first_name varchar(255) not null, last_name varchar(255) not null, password varchar(255) not null, role varchar(25) default 'USER' not null, username varchar(255) not null, primary key (id)) engine=InnoDB
Hibernate: alter table User add constraint UKjreodf78a7pl5qidfh43axdfb unique (username)
2024-11-14T07:39:34.527-05:00  INFO 12912 --- [Todo] [           main] j.LocalContainerEntityManagerFactoryBean : Initialized JPA EntityManagerFactory for persistence unit 'default'
2024-11-14T07:39:35.131-05:00  WARN 12912 --- [Todo] [           main] JpaBaseConfiguration$JpaWebConfiguration : spring.jpa.open-in-view is enabled by default. Therefore, database queries may be performed during view rendering. Explicitly configure spring.jpa.open-in-view to disable this warning
2024-11-14T07:39:35.177-05:00  INFO 12912 --- [Todo] [           main] eAuthenticationProviderManagerConfigurer : Global AuthenticationManager configured with AuthenticationProvider bean with name authenticationProvider
2024-11-14T07:39:35.177-05:00  WARN 12912 --- [Todo] [           main] r$InitializeUserDetailsManagerConfigurer : Global AuthenticationManager configured with an AuthenticationProvider bean. UserDetailsService beans will not be used for username/password login. Consider removing the AuthenticationProvider bean. Alternatively, consider using the UserDetailsService in a manually instantiated DaoAuthenticationProvider.
2024-11-14T07:39:35.337-05:00  INFO 12912 --- [Todo] [           main] o.s.b.a.w.s.WelcomePageHandlerMapping    : Adding welcome page template: index
2024-11-14T07:39:36.567-05:00  INFO 12912 --- [Todo] [           main] o.a.c.c.C.[Tomcat].[localhost].[/]       : Initializing Spring TestDispatcherServlet ''
2024-11-14T07:39:36.567-05:00  INFO 12912 --- [Todo] [           main] o.s.t.web.servlet.TestDispatcherServlet  : Initializing Servlet ''
2024-11-14T07:39:36.569-05:00  INFO 12912 --- [Todo] [           main] o.s.t.web.servlet.TestDispatcherServlet  : Completed initialization in 0 ms
2024-11-14T07:39:36.640-05:00  INFO 12912 --- [Todo] [           main] o.s.b.w.embedded.tomcat.TomcatWebServer  : Tomcat started on port 58370 (http) with context path '/'
2024-11-14T07:39:36.650-05:00  INFO 12912 --- [Todo] [           main] c.a.todo.controller.TodoControllerTest   : Started TodoControllerTest in 8.385 seconds (process running for 29.02)
]]></system-out>
  </testcase>
  <testcase name="connectionEstablished" classname="com.algonquincollege.todo.controller.TodoControllerTest" time="0.0">
    <skipped message="void com.algonquincollege.todo.controller.TodoControllerTest.connectionEstablished() is @Disabled"/>
  </testcase>
  <testcase name="shouldFindAllTodos" classname="com.algonquincollege.todo.controller.TodoControllerTest" time="0.0">
    <skipped message="void com.algonquincollege.todo.controller.TodoControllerTest.shouldFindAllTodos() throws java.lang.Exception is @Disabled"/>
  </testcase>
  <testcase name="shouldDeleteTodo" classname="com.algonquincollege.todo.controller.TodoControllerTest" time="0.0">
    <skipped message="void com.algonquincollege.todo.controller.TodoControllerTest.shouldDeleteTodo() throws java.lang.Exception is @Disabled"/>
  </testcase>
  <testcase name="shouldFindTodoById" classname="com.algonquincollege.todo.controller.TodoControllerTest" time="0.0">
    <skipped message="void com.algonquincollege.todo.controller.TodoControllerTest.shouldFindTodoById() throws java.lang.Exception is @Disabled"/>
  </testcase>
  <testcase name="shouldSaveTodo" classname="com.algonquincollege.todo.controller.TodoControllerTest" time="0.0">
    <skipped message="void com.algonquincollege.todo.controller.TodoControllerTest.shouldSaveTodo() throws java.lang.Exception is @Disabled"/>
  </testcase>
</testsuite>