<?xml version="1.0" encoding="UTF-8"?>
<testsuite xmlns:xsi="http://www.w3.org/2001/XMLSchema-instance" xsi:noNamespaceSchemaLocation="https://maven.apache.org/surefire/maven-surefire-plugin/xsd/surefire-test-report-3.0.xsd" version="3.0" name="com.algonquincollege.todo.controller.UserControllerTest" time="19.257" tests="6" errors="0" skipped="6" failures="0">
  <properties>
[...]
</properties>
  <testcase name="shouldUpdateUser" classname="com.algonquincollege.todo.controller.UserControllerTest" time="0.0">
    <skipped message="void com.algonquincollege.todo.controller.UserControllerTest.shouldUpdateUser() throws java.lang.Exception is @Disabled"/>
    <system-out><![CDATA[2024-11-14T07:39:37.434-05:00  INFO 12912 --- [Todo] [           main] t.c.s.AnnotationConfigContextLoaderUtils : Could not detect default configuration classes for test class [com.algonquincollege.todo.controller.UserControllerTest]: UserControllerTest does not declare any static, non-private, non-final, nested classes annotated with @Configuration.
2024-11-14T07:39:37.443-05:00  INFO 12912 --- [Todo] [           main] .b.t.c.SpringBootTestContextBootstrapper : Found @SpringBootConfiguration com.algonquincollege.todo.TodoApplication for test class com.algonquincollege.todo.controller.UserControllerTest
2024-11-14T07:39:37.445-05:00  INFO 12912 --- [Todo] [           main] tc.mysql:8.3                             : Creating container for image: mysql:8.3
2024-11-14T07:39:37.520-05:00  INFO 12912 --- [Todo] [           main] tc.mysql:8.3                             : Container mysql:8.3 is starting: bde8e0450003a355f0f9df452647ea12245830ba1aad9aff45dcdb27db44933b
2024-11-14T07:39:37.973-05:00  INFO 12912 --- [Todo] [           main] tc.mysql:8.3                             : Waiting for database connection to become available at jdbc:mysql://localhost:58373/test using query 'SELECT 1'
2024-11-14T07:39:55.050-05:00  INFO 12912 --- [Todo] [           main] tc.mysql:8.3                             : Container mysql:8.3 started in PT17.6049892S
2024-11-14T07:39:55.051-05:00  INFO 12912 --- [Todo] [           main] tc.mysql:8.3                             : Container is started (JDBC URL: jdbc:mysql://localhost:58373/test)

  .   ____          _            __ _ _
 /\\ / ___'_ __ _ _(_)_ __  __ _ \ \ \ \
( ( )\___ | '_ | '_| | '_ \/ _` | \ \ \ \
 \\/  ___)| |_)| | | | | || (_| |  ) ) ) )
  '  |____| .__|_| |_|_| |_\__, | / / / /
 =========|_|==============|___/=/_/_/_/

 :: Spring Boot ::                (v3.3.3)

2024-11-14T07:39:55.082-05:00  INFO 12912 --- [Todo] [           main] c.a.todo.controller.UserControllerTest   : Starting UserControllerTest using Java 21.0.4 with PID 12912 (started by Eric in C:\Users\migna\Downloads\todo\todo)
2024-11-14T07:39:55.082-05:00  INFO 12912 --- [Todo] [           main] c.a.todo.controller.UserControllerTest   : No active profile set, falling back to 1 default profile: "default"
2024-11-14T07:39:55.284-05:00  INFO 12912 --- [Todo] [           main] .s.d.r.c.RepositoryConfigurationDelegate : Bootstrapping Spring Data JPA repositories in DEFAULT mode.
2024-11-14T07:39:55.297-05:00  INFO 12912 --- [Todo] [           main] .s.d.r.c.RepositoryConfigurationDelegate : Finished Spring Data repository scanning in 12 ms. Found 2 JPA repository interfaces.
2024-11-14T07:39:55.421-05:00  INFO 12912 --- [Todo] [           main] o.s.b.w.embedded.tomcat.TomcatWebServer  : Tomcat initialized with port 0 (http)
2024-11-14T07:39:55.423-05:00  INFO 12912 --- [Todo] [           main] o.apache.catalina.core.StandardService   : Starting service [Tomcat]
2024-11-14T07:39:55.424-05:00  INFO 12912 --- [Todo] [           main] o.apache.catalina.core.StandardEngine    : Starting Servlet engine: [Apache Tomcat/10.1.28]
2024-11-14T07:39:55.458-05:00  INFO 12912 --- [Todo] [           main] o.a.c.c.C.[Tomcat-1].[localhost].[/]     : Initializing Spring embedded WebApplicationContext
2024-11-14T07:39:55.458-05:00  INFO 12912 --- [Todo] [           main] w.s.c.ServletWebServerApplicationContext : Root WebApplicationContext: initialization completed in 374 ms
2024-11-14T07:39:55.509-05:00  INFO 12912 --- [Todo] [           main] o.hibernate.jpa.internal.util.LogHelper  : HHH000204: Processing PersistenceUnitInfo [name: default]
2024-11-14T07:39:55.512-05:00  INFO 12912 --- [Todo] [           main] o.h.c.internal.RegionFactoryInitiator    : HHH000026: Second-level cache disabled
2024-11-14T07:39:55.525-05:00  INFO 12912 --- [Todo] [           main] o.s.o.j.p.SpringPersistenceUnitInfo      : No LoadTimeWeaver setup: ignoring JPA class transformer
2024-11-14T07:39:55.526-05:00  INFO 12912 --- [Todo] [           main] com.zaxxer.hikari.HikariDataSource       : HikariPool-2 - Starting...
2024-11-14T07:39:55.595-05:00  INFO 12912 --- [Todo] [           main] com.zaxxer.hikari.pool.HikariPool        : HikariPool-2 - Added connection com.mysql.cj.jdbc.ConnectionImpl@79499fa
2024-11-14T07:39:55.596-05:00  INFO 12912 --- [Todo] [           main] com.zaxxer.hikari.HikariDataSource       : HikariPool-2 - Start completed.
2024-11-14T07:39:55.677-05:00  INFO 12912 --- [Todo] [           main] o.h.e.t.j.p.i.JtaPlatformInitiator       : HHH000489: No JTA platform available (set 'hibernate.transaction.jta.platform' to enable JTA platform integration)
Hibernate: drop table if exists Todo
Hibernate: drop table if exists User
Hibernate: create table Todo (deadline date not null, id bigint not null auto_increment, category varchar(255) not null, task varchar(255) not null, primary key (id)) engine=InnoDB
Hibernate: create table User (id bigint not null auto_increment, first_name varchar(255) not null, last_name varchar(255) not null, password varchar(255) not null, role varchar(25) default 'USER' not null, username varchar(255) not null, primary key (id)) engine=InnoDB
Hibernate: alter table User add constraint UKjreodf78a7pl5qidfh43axdfb unique (username)
2024-11-14T07:39:55.800-05:00  INFO 12912 --- [Todo] [           main] j.LocalContainerEntityManagerFactoryBean : Initialized JPA EntityManagerFactory for persistence unit 'default'
2024-11-14T07:39:55.869-05:00  WARN 12912 --- [Todo] [           main] JpaBaseConfiguration$JpaWebConfiguration : spring.jpa.open-in-view is enabled by default. Therefore, database queries may be performed during view rendering. Explicitly configure spring.jpa.open-in-view to disable this warning
2024-11-14T07:39:55.876-05:00  INFO 12912 --- [Todo] [           main] eAuthenticationProviderManagerConfigurer : Global AuthenticationManager configured with AuthenticationProvider bean with name authenticationProvider
2024-11-14T07:39:55.877-05:00  WARN 12912 --- [Todo] [           main] r$InitializeUserDetailsManagerConfigurer : Global AuthenticationManager configured with an AuthenticationProvider bean. UserDetailsService beans will not be used for username/password login. Consider removing the AuthenticationProvider bean. Alternatively, consider using the UserDetailsService in a manually instantiated DaoAuthenticationProvider.
2024-11-14T07:39:55.887-05:00  INFO 12912 --- [Todo] [           main] o.s.b.a.w.s.WelcomePageHandlerMapping    : Adding welcome page template: index
2024-11-14T07:39:56.023-05:00  INFO 12912 --- [Todo] [           main] o.a.c.c.C.[Tomcat-1].[localhost].[/]     : Initializing Spring TestDispatcherServlet ''
2024-11-14T07:39:56.023-05:00  INFO 12912 --- [Todo] [           main] o.s.t.web.servlet.TestDispatcherServlet  : Initializing Servlet ''
2024-11-14T07:39:56.025-05:00  INFO 12912 --- [Todo] [           main] o.s.t.web.servlet.TestDispatcherServlet  : Completed initialization in 2 ms
2024-11-14T07:39:56.045-05:00  INFO 12912 --- [Todo] [           main] o.s.b.w.embedded.tomcat.TomcatWebServer  : Tomcat started on port 58547 (http) with context path '/'
2024-11-14T07:39:56.049-05:00  INFO 12912 --- [Todo] [           main] c.a.todo.controller.UserControllerTest   : Started UserControllerTest in 0.996 seconds (process running for 48.418)
]]></system-out>
  </testcase>
  <testcase name="connectionEstablished" classname="com.algonquincollege.todo.controller.UserControllerTest" time="0.0">
    <skipped message="void com.algonquincollege.todo.controller.UserControllerTest.connectionEstablished() is @Disabled"/>
  </testcase>
  <testcase name="shouldFindAllUsers" classname="com.algonquincollege.todo.controller.UserControllerTest" time="0.0">
    <skipped message="void com.algonquincollege.todo.controller.UserControllerTest.shouldFindAllUsers() throws java.lang.Exception is @Disabled"/>
  </testcase>
  <testcase name="shouldDeleteUser" classname="com.algonquincollege.todo.controller.UserControllerTest" time="0.0">
    <skipped message="void com.algonquincollege.todo.controller.UserControllerTest.shouldDeleteUser() throws java.lang.Exception is @Disabled"/>
  </testcase>
  <testcase name="shouldSaveUser" classname="com.algonquincollege.todo.controller.UserControllerTest" time="0.0">
    <skipped message="void com.algonquincollege.todo.controller.UserControllerTest.shouldSaveUser() throws java.lang.Exception is @Disabled"/>
  </testcase>
  <testcase name="shouldFindUserById" classname="com.algonquincollege.todo.controller.UserControllerTest" time="0.0">
    <skipped message="void com.algonquincollege.todo.controller.UserControllerTest.shouldFindUserById() throws java.lang.Exception is @Disabled"/>
  </testcase>
</testsuite>